[0.017s] Invoking command in '/home/jblevins32/IRR_final/build/control': CMAKE_PREFIX_PATH=${CMAKE_PREFIX_PATH}:/home/jblevins32/IRR_final/install/read_sign:/home/jblevins32/IRR_final/install/print_fixed_odometry:/opt/ros/humble DEBUGINFOD_URLS=https://debuginfod.ubuntu.com /usr/bin/cmake --build /home/jblevins32/IRR_final/build/control -- -j28 -l28
[0.174s] [35m[1mConsolidate compiler generated dependencies of target get_control[0m
[0.225s] [ 50%] [32mBuilding CXX object CMakeFiles/get_control.dir/src/get_control.cpp.o[0m
[5.815s] [01m[K/home/jblevins32/IRR_final/src/control/src/get_control.cpp:[m[K In member function â€˜[01m[Kvoid control::sign_callback(const Int32&)[m[Kâ€™:
[5.815s] [01m[K/home/jblevins32/IRR_final/src/control/src/get_control.cpp:97:23:[m[K [01;31m[Kerror: [m[Kcannot convert â€˜[01m[Kconst Int32[m[Kâ€™ {aka â€˜[01m[Kconst std_msgs::msg::Int32_<std::allocator<void> >[m[Kâ€™} to â€˜[01m[Kint[m[Kâ€™ in assignment
[5.816s]    97 |         recent_sign = [01;31m[Kdetected_sign[m[K;
[5.816s]       |                       [01;31m[K^~~~~~~~~~~~~[m[K
[5.816s]       |                       [01;31m[K|[m[K
[5.816s]       |                       [01;31m[Kconst Int32 {aka const std_msgs::msg::Int32_<std::allocator<void> >}[m[K
[15.119s] gmake[2]: *** [CMakeFiles/get_control.dir/build.make:76: CMakeFiles/get_control.dir/src/get_control.cpp.o] Error 1
[15.122s] gmake[1]: *** [CMakeFiles/Makefile2:137: CMakeFiles/get_control.dir/all] Error 2
[15.122s] gmake: *** [Makefile:146: all] Error 2
[15.179s] Invoked command in '/home/jblevins32/IRR_final/build/control' returned '2': CMAKE_PREFIX_PATH=${CMAKE_PREFIX_PATH}:/home/jblevins32/IRR_final/install/read_sign:/home/jblevins32/IRR_final/install/print_fixed_odometry:/opt/ros/humble DEBUGINFOD_URLS=https://debuginfod.ubuntu.com /usr/bin/cmake --build /home/jblevins32/IRR_final/build/control -- -j28 -l28
