[0.018s] Invoking command in '/home/jblevins32/IRR_final/build/control': CMAKE_PREFIX_PATH=${CMAKE_PREFIX_PATH}:/home/jblevins32/IRR_final/install/read_sign:/home/jblevins32/IRR_final/install/print_fixed_odometry:/opt/ros/humble CONDA_PROMPT_MODIFIER=(IRR6) DEBUGINFOD_URLS=https://debuginfod.ubuntu.com /usr/bin/cmake --build /home/jblevins32/IRR_final/build/control -- -j28 -l28
[0.436s] [35m[1mConsolidate compiler generated dependencies of target get_control[0m
[0.436s] [ 50%] [32mBuilding CXX object CMakeFiles/get_control.dir/src/get_control.cpp.o[0m
[0.436s] [01m[K/home/jblevins32/IRR_final/src/control/src/get_control.cpp:13:10:[m[K [01;31m[Kfatal error: [m[Kmath: No such file or directory
[0.437s]    13 | #include [01;31m[K<math>[m[K
[0.437s]       |          [01;31m[K^~~~~~[m[K
[0.437s] compilation terminated.
[0.437s] gmake[2]: *** [CMakeFiles/get_control.dir/build.make:76: CMakeFiles/get_control.dir/src/get_control.cpp.o] Error 1
[0.437s] gmake[1]: *** [CMakeFiles/Makefile2:137: CMakeFiles/get_control.dir/all] Error 2
[0.437s] gmake: *** [Makefile:146: all] Error 2
[0.438s] Invoked command in '/home/jblevins32/IRR_final/build/control' returned '2': CMAKE_PREFIX_PATH=${CMAKE_PREFIX_PATH}:/home/jblevins32/IRR_final/install/read_sign:/home/jblevins32/IRR_final/install/print_fixed_odometry:/opt/ros/humble CONDA_PROMPT_MODIFIER=(IRR6) DEBUGINFOD_URLS=https://debuginfod.ubuntu.com /usr/bin/cmake --build /home/jblevins32/IRR_final/build/control -- -j28 -l28
