[01m[K/home/jblevins32/IRR_final/src/control/src/get_control.cpp:77:42:[m[K [01;31m[Kerror: [m[Kâ€˜[01m[Krecent_odom[m[Kâ€™ was not declared in this scope
   77 |     double current_yaw = quaternionToYaw([01;31m[Krecent_odom[m[K.pose.pose.orientation);
      |                                          [01;31m[K^~~~~~~~~~~[m[K
[01m[K/home/jblevins32/IRR_final/src/control/src/get_control.cpp:[m[K In member function â€˜[01m[Kvoid control::scan_callback(const LaserScan&)[m[Kâ€™:
[01m[K/home/jblevins32/IRR_final/src/control/src/get_control.cpp:87:9:[m[K [01;31m[Kerror: [m[Kâ€˜[01m[Krecent_scan[m[Kâ€™ was not declared in this scope
   87 |         [01;31m[Krecent_scan[m[K = laser_msg;
      |         [01;31m[K^~~~~~~~~~~[m[K
[01m[K/home/jblevins32/IRR_final/src/control/src/get_control.cpp:[m[K In member function â€˜[01m[Kvoid control::odom_callback(const Odometry&)[m[Kâ€™:
[01m[K/home/jblevins32/IRR_final/src/control/src/get_control.cpp:95:9:[m[K [01;31m[Kerror: [m[Kâ€˜[01m[Krecent_odom[m[Kâ€™ was not declared in this scope
   95 |         [01;31m[Krecent_odom[m[K = odom_msg;
      |         [01;31m[K^~~~~~~~~~~[m[K
[01m[K/home/jblevins32/IRR_final/src/control/src/get_control.cpp:[m[K In member function â€˜[01m[Kvoid control::sign_callback(const Int32&)[m[Kâ€™:
[01m[K/home/jblevins32/IRR_final/src/control/src/get_control.cpp:103:9:[m[K [01;31m[Kerror: [m[Kâ€˜[01m[Krecent_sign[m[Kâ€™ was not declared in this scope; did you mean â€˜[01m[Kdetected_sign[m[Kâ€™?
  103 |         [01;31m[Krecent_sign[m[K = detected_sign;
      |         [01;31m[K^~~~~~~~~~~[m[K
      |         [32m[Kdetected_sign[m[K
[01m[K/home/jblevins32/IRR_final/src/control/src/get_control.cpp:[m[K In member function â€˜[01m[Kvoid control::timer_callback()[m[Kâ€™:
[01m[K/home/jblevins32/IRR_final/src/control/src/get_control.cpp:114:33:[m[K [01;31m[Kerror: [m[Kâ€˜[01m[Krecent_odom[m[Kâ€™ was not declared in this scope
  114 |           auto current_dist_x = [01;31m[Krecent_odom[m[K.pose.pose.position.x;
      |                                 [01;31m[K^~~~~~~~~~~[m[K
[01m[K/home/jblevins32/IRR_final/src/control/src/get_control.cpp:117:31:[m[K [01;31m[Kerror: [m[Kâ€˜[01m[Krecent_scan[m[Kâ€™ was not declared in this scope; did you mean â€˜[01m[Kcurrent_scan[m[Kâ€™?
  117 |           auto current_scan = [01;31m[Krecent_scan[m[K.ranges;
      |                               [01;31m[K^~~~~~~~~~~[m[K
      |                               [32m[Kcurrent_scan[m[K
[01m[K/home/jblevins32/IRR_final/src/control/src/get_control.cpp:[m[K In member function â€˜[01m[Kvoid control::DoSignAction()[m[Kâ€™:
[01m[K/home/jblevins32/IRR_final/src/control/src/get_control.cpp:160:11:[m[K [01;31m[Kerror: [m[Kâ€˜[01m[Krecent_sign[m[Kâ€™ was not declared in this scope
  160 |       if ([01;31m[Krecent_sign[m[K.data == 0)
      |           [01;31m[K^~~~~~~~~~~[m[K
[01m[K/home/jblevins32/IRR_final/src/control/src/get_control.cpp:[m[K In member function â€˜[01m[Kvoid control::translate(double)[m[Kâ€™:
[01m[K/home/jblevins32/IRR_final/src/control/src/get_control.cpp:220:26:[m[K [01;31m[Kerror: [m[Kâ€˜[01m[Krecent_odom[m[Kâ€™ was not declared in this scope
  220 |       float dist_error = [01;31m[Krecent_odom[m[K.pose.pose.position.x - desired_x;
      |                          [01;31m[K^~~~~~~~~~~[m[K
gmake[2]: *** [CMakeFiles/get_control.dir/build.make:76: CMakeFiles/get_control.dir/src/get_control.cpp.o] Error 1
gmake[1]: *** [CMakeFiles/Makefile2:137: CMakeFiles/get_control.dir/all] Error 2
gmake: *** [Makefile:146: all] Error 2
