[35m[1mConsolidate compiler generated dependencies of target get_control[0m
[ 50%] [32mBuilding CXX object CMakeFiles/get_control.dir/src/get_control.cpp.o[0m
In file included from [01m[K/opt/ros/humble/include/rclcpp/rclcpp/logging.hpp:24[m[K,
                 from [01m[K/opt/ros/humble/include/rclcpp/rclcpp/client.hpp:40[m[K,
                 from [01m[K/opt/ros/humble/include/rclcpp/rclcpp/callback_group.hpp:24[m[K,
                 from [01m[K/opt/ros/humble/include/rclcpp/rclcpp/any_executable.hpp:20[m[K,
                 from [01m[K/opt/ros/humble/include/rclcpp/rclcpp/memory_strategy.hpp:25[m[K,
                 from [01m[K/opt/ros/humble/include/rclcpp/rclcpp/memory_strategies.hpp:18[m[K,
                 from [01m[K/opt/ros/humble/include/rclcpp/rclcpp/executor_options.hpp:20[m[K,
                 from [01m[K/opt/ros/humble/include/rclcpp/rclcpp/executor.hpp:37[m[K,
                 from [01m[K/opt/ros/humble/include/rclcpp/rclcpp/executors/multi_threaded_executor.hpp:25[m[K,
                 from [01m[K/opt/ros/humble/include/rclcpp/rclcpp/executors.hpp:21[m[K,
                 from [01m[K/opt/ros/humble/include/rclcpp/rclcpp/rclcpp.hpp:155[m[K,
                 from [01m[K/home/jblevins32/IRR_final/src/control/src/get_control.cpp:1[m[K:
[01m[K/home/jblevins32/IRR_final/src/control/src/get_control.cpp:[m[K In member function â€˜[01m[Kvoid control::timer_callback()[m[Kâ€™:
[01m[K/home/jblevins32/IRR_final/src/control/src/get_control.cpp:272:65:[m[K [01;31m[Kerror: [m[Kexpected â€˜[01m[K)[m[Kâ€™ before â€˜[01m[Kinitial_yaw[m[Kâ€™
  272 |               RCLCPP_INFO(this->get_logger(), "Initial yaw %f," [01;31m[Kinitial_yaw[m[K);
      |                                                                 [01;31m[K^~~~~~~~~~~[m[K
[01m[K/home/jblevins32/IRR_final/src/control/src/get_control.cpp:272:15:[m[K [01;36m[Knote: [m[Kto match this â€˜[01m[K([m[Kâ€™
  272 |               [01;36m[KRCLCPP_INFO[m[K(this->get_logger(), "Initial yaw %f," initial_yaw);
      |               [01;36m[K^~~~~~~~~~~[m[K
[01m[K/home/jblevins32/IRR_final/src/control/src/get_control.cpp:272:47:[m[K [01;35m[Kwarning: [m[Kformat â€˜[01m[K%f[m[Kâ€™ expects a matching â€˜[01m[Kdouble[m[Kâ€™ argument [[01;35m[K]8;;https://gcc.gnu.org/onlinedocs/gcc/Warning-Options.html#index-Wformat=-Wformat=]8;;[m[K]
  272 |               RCLCPP_INFO(this->get_logger(), [01;35m[K"Initial yaw %f,"[m[K initial_yaw);
      |                                               [01;35m[K^~~~~~~~~~~~~~~~~[m[K
[01m[K/home/jblevins32/IRR_final/src/control/src/get_control.cpp:272:61:[m[K [01;36m[Knote: [m[Kformat string is defined here
  272 |               RCLCPP_INFO(this->get_logger(), "Initial yaw [01;36m[K%f[m[K," initial_yaw);
      |                                                            [01;36m[K~^[m[K
      |                                                             [01;36m[K|[m[K
      |                                                             [01;36m[Kdouble[m[K
[01m[K/home/jblevins32/IRR_final/src/control/src/get_control.cpp:126:16:[m[K [01;35m[Kwarning: [m[Kunused variable â€˜[01m[Kcurrent_dist_x[m[Kâ€™ [[01;35m[K]8;;https://gcc.gnu.org/onlinedocs/gcc/Warning-Options.html#index-Wunused-variable-Wunused-variable]8;;[m[K]
  126 |           auto [01;35m[Kcurrent_dist_x[m[K = recent_odom.pose.pose.position.x;
      |                [01;35m[K^~~~~~~~~~~~~~[m[K
[01m[K/home/jblevins32/IRR_final/src/control/src/get_control.cpp:127:16:[m[K [01;35m[Kwarning: [m[Kunused variable â€˜[01m[Kcurrent_dist_y[m[Kâ€™ [[01;35m[K]8;;https://gcc.gnu.org/onlinedocs/gcc/Warning-Options.html#index-Wunused-variable-Wunused-variable]8;;[m[K]
  127 |           auto [01;35m[Kcurrent_dist_y[m[K = recent_odom.pose.pose.position.y;
      |                [01;35m[K^~~~~~~~~~~~~~[m[K
gmake[2]: *** [CMakeFiles/get_control.dir/build.make:76: CMakeFiles/get_control.dir/src/get_control.cpp.o] Error 1
gmake[1]: *** [CMakeFiles/Makefile2:137: CMakeFiles/get_control.dir/all] Error 2
gmake: *** [Makefile:146: all] Error 2
