[0.019s] Invoking command in '/home/jblevins32/IRR_final/build/control': CMAKE_PREFIX_PATH=${CMAKE_PREFIX_PATH}:/home/jblevins32/IRR_final/install/read_sign:/home/jblevins32/IRR_final/install/print_fixed_odometry:/opt/ros/humble DEBUGINFOD_URLS=https://debuginfod.ubuntu.com /usr/bin/cmake --build /home/jblevins32/IRR_final/build/control -- -j28 -l28
[0.353s] [35m[1mConsolidate compiler generated dependencies of target get_control[0m
[0.353s] [ 50%] [32mBuilding CXX object CMakeFiles/get_control.dir/src/get_control.cpp.o[0m
[2.791s] In file included from [01m[K/opt/ros/humble/include/rclcpp/rclcpp/logging.hpp:24[m[K,
[2.791s]                  from [01m[K/opt/ros/humble/include/rclcpp/rclcpp/client.hpp:40[m[K,
[2.791s]                  from [01m[K/opt/ros/humble/include/rclcpp/rclcpp/callback_group.hpp:24[m[K,
[2.791s]                  from [01m[K/opt/ros/humble/include/rclcpp/rclcpp/any_executable.hpp:20[m[K,
[2.791s]                  from [01m[K/opt/ros/humble/include/rclcpp/rclcpp/memory_strategy.hpp:25[m[K,
[2.791s]                  from [01m[K/opt/ros/humble/include/rclcpp/rclcpp/memory_strategies.hpp:18[m[K,
[2.791s]                  from [01m[K/opt/ros/humble/include/rclcpp/rclcpp/executor_options.hpp:20[m[K,
[2.791s]                  from [01m[K/opt/ros/humble/include/rclcpp/rclcpp/executor.hpp:37[m[K,
[2.791s]                  from [01m[K/opt/ros/humble/include/rclcpp/rclcpp/executors/multi_threaded_executor.hpp:25[m[K,
[2.792s]                  from [01m[K/opt/ros/humble/include/rclcpp/rclcpp/executors.hpp:21[m[K,
[2.792s]                  from [01m[K/opt/ros/humble/include/rclcpp/rclcpp/rclcpp.hpp:155[m[K,
[2.792s]                  from [01m[K/home/jblevins32/IRR_final/src/control/src/get_control.cpp:1[m[K:
[2.792s] [01m[K/home/jblevins32/IRR_final/src/control/src/get_control.cpp:[m[K In member function â€˜[01m[Kvoid control::timer_callback()[m[Kâ€™:
[2.792s] [01m[K/home/jblevins32/IRR_final/src/control/src/get_control.cpp:272:65:[m[K [01;31m[Kerror: [m[Kexpected â€˜[01m[K)[m[Kâ€™ before â€˜[01m[Kinitial_yaw[m[Kâ€™
[2.792s]   272 |               RCLCPP_INFO(this->get_logger(), "Initial yaw %f," [01;31m[Kinitial_yaw[m[K);
[2.792s]       |                                                                 [01;31m[K^~~~~~~~~~~[m[K
[2.792s] [01m[K/home/jblevins32/IRR_final/src/control/src/get_control.cpp:272:15:[m[K [01;36m[Knote: [m[Kto match this â€˜[01m[K([m[Kâ€™
[2.792s]   272 |               [01;36m[KRCLCPP_INFO[m[K(this->get_logger(), "Initial yaw %f," initial_yaw);
[2.792s]       |               [01;36m[K^~~~~~~~~~~[m[K
[2.792s] [01m[K/home/jblevins32/IRR_final/src/control/src/get_control.cpp:272:47:[m[K [01;35m[Kwarning: [m[Kformat â€˜[01m[K%f[m[Kâ€™ expects a matching â€˜[01m[Kdouble[m[Kâ€™ argument [[01;35m[K]8;;https://gcc.gnu.org/onlinedocs/gcc/Warning-Options.html#index-Wformat=-Wformat=]8;;[m[K]
[2.792s]   272 |               RCLCPP_INFO(this->get_logger(), [01;35m[K"Initial yaw %f,"[m[K initial_yaw);
[2.792s]       |                                               [01;35m[K^~~~~~~~~~~~~~~~~[m[K
[2.793s] [01m[K/home/jblevins32/IRR_final/src/control/src/get_control.cpp:272:61:[m[K [01;36m[Knote: [m[Kformat string is defined here
[2.793s]   272 |               RCLCPP_INFO(this->get_logger(), "Initial yaw [01;36m[K%f[m[K," initial_yaw);
[2.793s]       |                                                            [01;36m[K~^[m[K
[2.793s]       |                                                             [01;36m[K|[m[K
[2.793s]       |                                                             [01;36m[Kdouble[m[K
[2.793s] [01m[K/home/jblevins32/IRR_final/src/control/src/get_control.cpp:126:16:[m[K [01;35m[Kwarning: [m[Kunused variable â€˜[01m[Kcurrent_dist_x[m[Kâ€™ [[01;35m[K]8;;https://gcc.gnu.org/onlinedocs/gcc/Warning-Options.html#index-Wunused-variable-Wunused-variable]8;;[m[K]
[2.793s]   126 |           auto [01;35m[Kcurrent_dist_x[m[K = recent_odom.pose.pose.position.x;
[2.793s]       |                [01;35m[K^~~~~~~~~~~~~~[m[K
[2.793s] [01m[K/home/jblevins32/IRR_final/src/control/src/get_control.cpp:127:16:[m[K [01;35m[Kwarning: [m[Kunused variable â€˜[01m[Kcurrent_dist_y[m[Kâ€™ [[01;35m[K]8;;https://gcc.gnu.org/onlinedocs/gcc/Warning-Options.html#index-Wunused-variable-Wunused-variable]8;;[m[K]
[2.793s]   127 |           auto [01;35m[Kcurrent_dist_y[m[K = recent_odom.pose.pose.position.y;
[2.793s]       |                [01;35m[K^~~~~~~~~~~~~~[m[K
[6.118s] gmake[2]: *** [CMakeFiles/get_control.dir/build.make:76: CMakeFiles/get_control.dir/src/get_control.cpp.o] Error 1
[6.118s] gmake[1]: *** [CMakeFiles/Makefile2:137: CMakeFiles/get_control.dir/all] Error 2
[6.119s] gmake: *** [Makefile:146: all] Error 2
[6.122s] Invoked command in '/home/jblevins32/IRR_final/build/control' returned '2': CMAKE_PREFIX_PATH=${CMAKE_PREFIX_PATH}:/home/jblevins32/IRR_final/install/read_sign:/home/jblevins32/IRR_final/install/print_fixed_odometry:/opt/ros/humble DEBUGINFOD_URLS=https://debuginfod.ubuntu.com /usr/bin/cmake --build /home/jblevins32/IRR_final/build/control -- -j28 -l28
