[0.027s] Invoking command in '/home/jblevins32/IRR_final/build/control': CMAKE_PREFIX_PATH=${CMAKE_PREFIX_PATH}:/home/jblevins32/IRR_final/install/read_sign:/home/jblevins32/IRR_final/install/print_fixed_odometry:/opt/ros/humble DEBUGINFOD_URLS=https://debuginfod.ubuntu.com /usr/bin/cmake --build /home/jblevins32/IRR_final/build/control -- -j28 -l28
[0.359s] [35m[1mConsolidate compiler generated dependencies of target get_control[0m
[0.360s] [ 50%] [32mBuilding CXX object CMakeFiles/get_control.dir/src/get_control.cpp.o[0m
[2.729s] [01m[K/home/jblevins32/IRR_final/src/control/src/get_control.cpp:[m[K In member function â€˜[01m[Kvoid control::timer_callback()[m[Kâ€™:
[2.729s] [01m[K/home/jblevins32/IRR_final/src/control/src/get_control.cpp:161:50:[m[K [01;31m[Kerror: [m[Kexpected â€˜[01m[K)[m[Kâ€™ before â€˜[01m[K;[m[Kâ€™ token
[2.729s]   161 |               rotate(initial_yaw + (M_PI/2 - .05)[01;31m[K;[m[K
[2.730s]       |                                                  [01;31m[K^[m[K
[2.730s] [01m[K/home/jblevins32/IRR_final/src/control/src/get_control.cpp:161:21:[m[K [01;36m[Knote: [m[Kto match this â€˜[01m[K([m[Kâ€™
[2.730s]   161 |               rotate[01;36m[K([m[Kinitial_yaw + (M_PI/2 - .05);
[2.730s]       |                     [01;36m[K^[m[K
[6.190s] gmake[2]: *** [CMakeFiles/get_control.dir/build.make:76: CMakeFiles/get_control.dir/src/get_control.cpp.o] Error 1
[6.190s] gmake[1]: *** [CMakeFiles/Makefile2:137: CMakeFiles/get_control.dir/all] Error 2
[6.190s] gmake: *** [Makefile:146: all] Error 2
[6.193s] Invoked command in '/home/jblevins32/IRR_final/build/control' returned '2': CMAKE_PREFIX_PATH=${CMAKE_PREFIX_PATH}:/home/jblevins32/IRR_final/install/read_sign:/home/jblevins32/IRR_final/install/print_fixed_odometry:/opt/ros/humble DEBUGINFOD_URLS=https://debuginfod.ubuntu.com /usr/bin/cmake --build /home/jblevins32/IRR_final/build/control -- -j28 -l28
