[0.021s] Invoking command in '/home/jblevins32/IRR_final/build/control': CMAKE_PREFIX_PATH=${CMAKE_PREFIX_PATH}:/home/jblevins32/IRR_final/install/read_sign:/home/jblevins32/IRR_final/install/print_fixed_odometry:/opt/ros/humble DEBUGINFOD_URLS=https://debuginfod.ubuntu.com /usr/bin/cmake --build /home/jblevins32/IRR_final/build/control -- -j28 -l28
[0.239s] [35m[1mConsolidate compiler generated dependencies of target get_control[0m
[0.239s] [ 50%] [32mBuilding CXX object CMakeFiles/get_control.dir/src/get_control.cpp.o[0m
[2.102s] [01m[K/home/jblevins32/IRR_final/src/control/src/get_control.cpp:[m[K In member function â€˜[01m[Kvoid control::scan_callback(const LaserScan&)[m[Kâ€™:
[2.102s] [01m[K/home/jblevins32/IRR_final/src/control/src/get_control.cpp:89:25:[m[K [01;31m[Kerror: [m[Kconversion from â€˜[01m[Kbool[m[Kâ€™ to non-scalar type â€˜[01m[KMessageTriple[m[Kâ€™ {aka â€˜[01m[Kstd::tuple<nav_msgs::msg::Odometry_<std::allocator<void> >, sensor_msgs::msg::LaserScan_<std::allocator<void> >, std_msgs::msg::Int32_<std::allocator<void> > >[m[Kâ€™} requested
[2.102s]    89 |         scan_received = [01;31m[Ktrue[m[K;
[2.102s]       |                         [01;31m[K^~~~[m[K
[4.914s] gmake[2]: *** [CMakeFiles/get_control.dir/build.make:76: CMakeFiles/get_control.dir/src/get_control.cpp.o] Error 1
[4.915s] gmake[1]: *** [CMakeFiles/Makefile2:137: CMakeFiles/get_control.dir/all] Error 2
[4.915s] gmake: *** [Makefile:146: all] Error 2
[4.918s] Invoked command in '/home/jblevins32/IRR_final/build/control' returned '2': CMAKE_PREFIX_PATH=${CMAKE_PREFIX_PATH}:/home/jblevins32/IRR_final/install/read_sign:/home/jblevins32/IRR_final/install/print_fixed_odometry:/opt/ros/humble DEBUGINFOD_URLS=https://debuginfod.ubuntu.com /usr/bin/cmake --build /home/jblevins32/IRR_final/build/control -- -j28 -l28
