[35m[1mConsolidate compiler generated dependencies of target get_control[0m
[ 50%] [32mBuilding CXX object CMakeFiles/get_control.dir/src/get_control.cpp.o[0m
[01m[K/home/jblevins32/IRR_final/src/control/src/get_control.cpp:[m[K In constructor â€˜[01m[Kcontrol::control()[m[Kâ€™:
[01m[K/home/jblevins32/IRR_final/src/control/src/get_control.cpp:27:12:[m[K [01;35m[Kwarning: [m[Kunused variable â€˜[01m[Kodom_received[m[Kâ€™ [[01;35m[K]8;;https://gcc.gnu.org/onlinedocs/gcc/Warning-Options.html#index-Wunused-variable-Wunused-variable]8;;[m[K]
   27 |       bool [01;35m[Kodom_received[m[K = false;
      |            [01;35m[K^~~~~~~~~~~~~[m[K
[01m[K/home/jblevins32/IRR_final/src/control/src/get_control.cpp:28:12:[m[K [01;35m[Kwarning: [m[Kunused variable â€˜[01m[Kscan_received[m[Kâ€™ [[01;35m[K]8;;https://gcc.gnu.org/onlinedocs/gcc/Warning-Options.html#index-Wunused-variable-Wunused-variable]8;;[m[K]
   28 |       bool [01;35m[Kscan_received[m[K = false;
      |            [01;35m[K^~~~~~~~~~~~~[m[K
[01m[K/home/jblevins32/IRR_final/src/control/src/get_control.cpp:29:12:[m[K [01;35m[Kwarning: [m[Kunused variable â€˜[01m[Ksign_received[m[Kâ€™ [[01;35m[K]8;;https://gcc.gnu.org/onlinedocs/gcc/Warning-Options.html#index-Wunused-variable-Wunused-variable]8;;[m[K]
   29 |       bool [01;35m[Ksign_received[m[K = false;
      |            [01;35m[K^~~~~~~~~~~~~[m[K
[01m[K/home/jblevins32/IRR_final/src/control/src/get_control.cpp:[m[K In member function â€˜[01m[Kvoid control::scan_callback(const LaserScan&)[m[Kâ€™:
[01m[K/home/jblevins32/IRR_final/src/control/src/get_control.cpp:83:9:[m[K [01;31m[Kerror: [m[Kâ€˜[01m[Kscan_received[m[Kâ€™ was not declared in this scope
   83 |         [01;31m[Kscan_received[m[K = true;
      |         [01;31m[K^~~~~~~~~~~~~[m[K
[01m[K/home/jblevins32/IRR_final/src/control/src/get_control.cpp:[m[K In member function â€˜[01m[Kvoid control::odom_callback(const Odometry&)[m[Kâ€™:
[01m[K/home/jblevins32/IRR_final/src/control/src/get_control.cpp:92:9:[m[K [01;31m[Kerror: [m[Kâ€˜[01m[Kodom_received[m[Kâ€™ was not declared in this scope
   92 |         [01;31m[Kodom_received[m[K = true;
      |         [01;31m[K^~~~~~~~~~~~~[m[K
[01m[K/home/jblevins32/IRR_final/src/control/src/get_control.cpp:[m[K In member function â€˜[01m[Kvoid control::sign_callback(const Int32&)[m[Kâ€™:
[01m[K/home/jblevins32/IRR_final/src/control/src/get_control.cpp:101:9:[m[K [01;31m[Kerror: [m[Kâ€˜[01m[Kodom_received[m[Kâ€™ was not declared in this scope
  101 |         [01;31m[Kodom_received[m[K = true;
      |         [01;31m[K^~~~~~~~~~~~~[m[K
[01m[K/home/jblevins32/IRR_final/src/control/src/get_control.cpp:[m[K In member function â€˜[01m[Kvoid control::timer_callback()[m[Kâ€™:
[01m[K/home/jblevins32/IRR_final/src/control/src/get_control.cpp:107:13:[m[K [01;31m[Kerror: [m[Kâ€˜[01m[Kscan_received[m[Kâ€™ was not declared in this scope
  107 |         if ([01;31m[Kscan_received[m[K && odom_received && sign_received)
      |             [01;31m[K^~~~~~~~~~~~~[m[K
[01m[K/home/jblevins32/IRR_final/src/control/src/get_control.cpp:107:30:[m[K [01;31m[Kerror: [m[Kâ€˜[01m[Kodom_received[m[Kâ€™ was not declared in this scope
  107 |         if (scan_received && [01;31m[Kodom_received[m[K && sign_received)
      |                              [01;31m[K^~~~~~~~~~~~~[m[K
[01m[K/home/jblevins32/IRR_final/src/control/src/get_control.cpp:107:47:[m[K [01;31m[Kerror: [m[Kâ€˜[01m[Ksign_received[m[Kâ€™ was not declared in this scope
  107 |         if (scan_received && odom_received && [01;31m[Ksign_received[m[K)
      |                                               [01;31m[K^~~~~~~~~~~~~[m[K
gmake[2]: *** [CMakeFiles/get_control.dir/build.make:76: CMakeFiles/get_control.dir/src/get_control.cpp.o] Error 1
gmake[1]: *** [CMakeFiles/Makefile2:137: CMakeFiles/get_control.dir/all] Error 2
gmake: *** [Makefile:146: all] Error 2
