[0.048s] Invoking command in '/home/jblevins32/IRR_final/build/control': CMAKE_PREFIX_PATH=${CMAKE_PREFIX_PATH}:/home/jblevins32/IRR_final/install/read_sign:/home/jblevins32/IRR_final/install/print_fixed_odometry:/opt/ros/humble DEBUGINFOD_URLS=https://debuginfod.ubuntu.com /usr/bin/cmake --build /home/jblevins32/IRR_final/build/control -- -j28 -l28
[0.777s] [35m[1mConsolidate compiler generated dependencies of target get_control[0m
[0.777s] [ 50%] [32mBuilding CXX object CMakeFiles/get_control.dir/src/get_control.cpp.o[0m
[5.802s] [01m[K/home/jblevins32/IRR_final/src/control/src/get_control.cpp:[m[K In constructor â€˜[01m[Kcontrol::control()[m[Kâ€™:
[5.802s] [01m[K/home/jblevins32/IRR_final/src/control/src/get_control.cpp:27:12:[m[K [01;35m[Kwarning: [m[Kunused variable â€˜[01m[Kodom_received[m[Kâ€™ [[01;35m[K]8;;https://gcc.gnu.org/onlinedocs/gcc/Warning-Options.html#index-Wunused-variable-Wunused-variable]8;;[m[K]
[5.802s]    27 |       bool [01;35m[Kodom_received[m[K = false;
[5.802s]       |            [01;35m[K^~~~~~~~~~~~~[m[K
[5.802s] [01m[K/home/jblevins32/IRR_final/src/control/src/get_control.cpp:28:12:[m[K [01;35m[Kwarning: [m[Kunused variable â€˜[01m[Kscan_received[m[Kâ€™ [[01;35m[K]8;;https://gcc.gnu.org/onlinedocs/gcc/Warning-Options.html#index-Wunused-variable-Wunused-variable]8;;[m[K]
[5.803s]    28 |       bool [01;35m[Kscan_received[m[K = false;
[5.803s]       |            [01;35m[K^~~~~~~~~~~~~[m[K
[5.803s] [01m[K/home/jblevins32/IRR_final/src/control/src/get_control.cpp:29:12:[m[K [01;35m[Kwarning: [m[Kunused variable â€˜[01m[Ksign_received[m[Kâ€™ [[01;35m[K]8;;https://gcc.gnu.org/onlinedocs/gcc/Warning-Options.html#index-Wunused-variable-Wunused-variable]8;;[m[K]
[5.803s]    29 |       bool [01;35m[Ksign_received[m[K = false;
[5.803s]       |            [01;35m[K^~~~~~~~~~~~~[m[K
[6.219s] [01m[K/home/jblevins32/IRR_final/src/control/src/get_control.cpp:[m[K In member function â€˜[01m[Kvoid control::scan_callback(const LaserScan&)[m[Kâ€™:
[6.220s] [01m[K/home/jblevins32/IRR_final/src/control/src/get_control.cpp:83:9:[m[K [01;31m[Kerror: [m[Kâ€˜[01m[Kscan_received[m[Kâ€™ was not declared in this scope
[6.220s]    83 |         [01;31m[Kscan_received[m[K = true;
[6.220s]       |         [01;31m[K^~~~~~~~~~~~~[m[K
[6.235s] [01m[K/home/jblevins32/IRR_final/src/control/src/get_control.cpp:[m[K In member function â€˜[01m[Kvoid control::odom_callback(const Odometry&)[m[Kâ€™:
[6.235s] [01m[K/home/jblevins32/IRR_final/src/control/src/get_control.cpp:92:9:[m[K [01;31m[Kerror: [m[Kâ€˜[01m[Kodom_received[m[Kâ€™ was not declared in this scope
[6.235s]    92 |         [01;31m[Kodom_received[m[K = true;
[6.235s]       |         [01;31m[K^~~~~~~~~~~~~[m[K
[6.250s] [01m[K/home/jblevins32/IRR_final/src/control/src/get_control.cpp:[m[K In member function â€˜[01m[Kvoid control::sign_callback(const Int32&)[m[Kâ€™:
[6.251s] [01m[K/home/jblevins32/IRR_final/src/control/src/get_control.cpp:101:9:[m[K [01;31m[Kerror: [m[Kâ€˜[01m[Kodom_received[m[Kâ€™ was not declared in this scope
[6.251s]   101 |         [01;31m[Kodom_received[m[K = true;
[6.251s]       |         [01;31m[K^~~~~~~~~~~~~[m[K
[6.266s] [01m[K/home/jblevins32/IRR_final/src/control/src/get_control.cpp:[m[K In member function â€˜[01m[Kvoid control::timer_callback()[m[Kâ€™:
[6.267s] [01m[K/home/jblevins32/IRR_final/src/control/src/get_control.cpp:107:13:[m[K [01;31m[Kerror: [m[Kâ€˜[01m[Kscan_received[m[Kâ€™ was not declared in this scope
[6.267s]   107 |         if ([01;31m[Kscan_received[m[K && odom_received && sign_received)
[6.267s]       |             [01;31m[K^~~~~~~~~~~~~[m[K
[6.282s] [01m[K/home/jblevins32/IRR_final/src/control/src/get_control.cpp:107:30:[m[K [01;31m[Kerror: [m[Kâ€˜[01m[Kodom_received[m[Kâ€™ was not declared in this scope
[6.283s]   107 |         if (scan_received && [01;31m[Kodom_received[m[K && sign_received)
[6.283s]       |                              [01;31m[K^~~~~~~~~~~~~[m[K
[6.297s] [01m[K/home/jblevins32/IRR_final/src/control/src/get_control.cpp:107:47:[m[K [01;31m[Kerror: [m[Kâ€˜[01m[Ksign_received[m[Kâ€™ was not declared in this scope
[6.297s]   107 |         if (scan_received && odom_received && [01;31m[Ksign_received[m[K)
[6.297s]       |                                               [01;31m[K^~~~~~~~~~~~~[m[K
[14.175s] gmake[2]: *** [CMakeFiles/get_control.dir/build.make:76: CMakeFiles/get_control.dir/src/get_control.cpp.o] Error 1
[14.176s] gmake[1]: *** [CMakeFiles/Makefile2:137: CMakeFiles/get_control.dir/all] Error 2
[14.176s] gmake: *** [Makefile:146: all] Error 2
[14.181s] Invoked command in '/home/jblevins32/IRR_final/build/control' returned '2': CMAKE_PREFIX_PATH=${CMAKE_PREFIX_PATH}:/home/jblevins32/IRR_final/install/read_sign:/home/jblevins32/IRR_final/install/print_fixed_odometry:/opt/ros/humble DEBUGINFOD_URLS=https://debuginfod.ubuntu.com /usr/bin/cmake --build /home/jblevins32/IRR_final/build/control -- -j28 -l28
